-------------------------------------------------------------------------------
Test set: TestSuite
-------------------------------------------------------------------------------
Tests run: 3, Failures: 1, Errors: 0, Skipped: 2, Time elapsed: 1.597 sec <<< FAILURE! - in TestSuite
beforeTest(example.NewTest)  Time elapsed: 1.219 sec  <<< FAILURE!
java.lang.IllegalStateException: The driver executable does not exist: C:\Users\Mitesh\Downloads\geckodriver-v0.13.0-win64\geckodriver.exe
	at example.NewTest.beforeTest(NewTest.java:33)

